Using pre-set license
Built from '2022.3/staging' branch; Version is '2022.3.35f1 (011206c7a712) revision 70150'; Using compiler version '192829333'; Build Type 'Release'
OS: 'Windows 11  (10.0.22631) 64bit Professional' Language: 'ru' Physical Memory: 32693 MB
BatchMode: 1, IsHumanControllingUs: 0, StartBugReporterOnCrash: 0, Is64bit: 1, IsPro: 1

COMMAND LINE ARGUMENTS:
C:\Program Files\Unity\Hub\Editor\2022.3.35f1\Editor\Unity.exe
-adb2
-batchMode
-noUpm
-name
AssetImportWorker2
-projectPath
E:/RealityFusion Core
-logFile
Logs/AssetImportWorker2.log
-srvPort
56448
Successfully changed project path to: E:/RealityFusion Core
E:/RealityFusion Core
[UnityMemory] Configuration Parameters - Can be set up in boot.config
    "memorysetup-bucket-allocator-granularity=16"
    "memorysetup-bucket-allocator-bucket-count=8"
    "memorysetup-bucket-allocator-block-size=33554432"
    "memorysetup-bucket-allocator-block-count=8"
    "memorysetup-main-allocator-block-size=16777216"
    "memorysetup-thread-allocator-block-size=16777216"
    "memorysetup-gfx-main-allocator-block-size=16777216"
    "memorysetup-gfx-thread-allocator-block-size=16777216"
    "memorysetup-cache-allocator-block-size=4194304"
    "memorysetup-typetree-allocator-block-size=2097152"
    "memorysetup-profiler-bucket-allocator-granularity=16"
    "memorysetup-profiler-bucket-allocator-bucket-count=8"
    "memorysetup-profiler-bucket-allocator-block-size=33554432"
    "memorysetup-profiler-bucket-allocator-block-count=8"
    "memorysetup-profiler-allocator-block-size=16777216"
    "memorysetup-profiler-editor-allocator-block-size=1048576"
    "memorysetup-temp-allocator-size-main=16777216"
    "memorysetup-job-temp-allocator-block-size=2097152"
    "memorysetup-job-temp-allocator-block-size-background=1048576"
    "memorysetup-job-temp-allocator-reduction-small-platforms=262144"
    "memorysetup-allocator-temp-initial-block-size-main=262144"
    "memorysetup-allocator-temp-initial-block-size-worker=262144"
    "memorysetup-temp-allocator-size-background-worker=32768"
    "memorysetup-temp-allocator-size-job-worker=262144"
    "memorysetup-temp-allocator-size-preload-manager=33554432"
    "memorysetup-temp-allocator-size-nav-mesh-worker=65536"
    "memorysetup-temp-allocator-size-audio-worker=65536"
    "memorysetup-temp-allocator-size-cloud-worker=32768"
    "memorysetup-temp-allocator-size-gi-baking-worker=262144"
    "memorysetup-temp-allocator-size-gfx=262144"
Player connection [33556] Host "[IP] 192.168.0.232 [Port] 0 [Flags] 2 [Guid] 3392916268 [EditorId] 3392916268 [Version] 1048832 [Id] WindowsEditor(7,SaveliyPC) [Debug] 1 [PackageName] WindowsEditor [ProjectName] Editor" joined multi-casting on [225.0.0.222:54997]...

Player connection [33556] Host "[IP] 192.168.0.232 [Port] 0 [Flags] 2 [Guid] 3392916268 [EditorId] 3392916268 [Version] 1048832 [Id] WindowsEditor(7,SaveliyPC) [Debug] 1 [PackageName] WindowsEditor [ProjectName] Editor" joined alternative multi-casting on [225.0.0.222:34997]...

[PhysX] Initialized MultithreadedTaskDispatcher with 12 workers.
Refreshing native plugins compatible for Editor in 77.55 ms, found 4 plugins.
Preloading 0 native plugins for Editor in 0.00 ms.
Initialize engine version: 2022.3.35f1 (011206c7a712)
[Subsystems] Discovering subsystems at path C:/Program Files/Unity/Hub/Editor/2022.3.35f1/Editor/Data/Resources/UnitySubsystems
[Subsystems] Discovering subsystems at path E:/RealityFusion Core/Assets
GfxDevice: creating device client; threaded=0; jobified=0
Direct3D:
    Version:  Direct3D 11.0 [level 11.1]
    Renderer: NVIDIA GeForce GTX 1650 (ID=0x1f82)
    Vendor:   NVIDIA
    VRAM:     3935 MB
    Driver:   32.0.15.6094
Initialize mono
Mono path[0] = 'C:/Program Files/Unity/Hub/Editor/2022.3.35f1/Editor/Data/Managed'
Mono path[1] = 'C:/Program Files/Unity/Hub/Editor/2022.3.35f1/Editor/Data/MonoBleedingEdge/lib/mono/unityjit-win32'
Mono config path = 'C:/Program Files/Unity/Hub/Editor/2022.3.35f1/Editor/Data/MonoBleedingEdge/etc'
Using monoOptions --debugger-agent=transport=dt_socket,embedding=1,server=y,suspend=n,address=127.0.0.1:56648
Begin MonoManager ReloadAssembly
Registering precompiled unity dll's ...
Register platform support module: C:/Program Files/Unity/Hub/Editor/2022.3.35f1/Editor/Data/PlaybackEngines/WebGLSupport/UnityEditor.WebGL.Extensions.dll
Register platform support module: C:/Program Files/Unity/Hub/Editor/2022.3.35f1/Editor/Data/PlaybackEngines/AndroidPlayer/UnityEditor.Android.Extensions.dll
Register platform support module: C:/Program Files/Unity/Hub/Editor/2022.3.35f1/Editor/Data/PlaybackEngines/iOSSupport/UnityEditor.iOS.Extensions.dll
Register platform support module: C:/Program Files/Unity/Hub/Editor/2022.3.35f1/Editor/Data/PlaybackEngines/WindowsStandaloneSupport/UnityEditor.WindowsStandalone.Extensions.dll
Registered in 0.008125 seconds.
- Loaded All Assemblies, in  0.322 seconds
Native extension for WindowsStandalone target not found
[usbmuxd] Start listen thread
[usbmuxd] Listen thread started
[usbmuxd] Send listen message
Native extension for iOS target not found
Native extension for Android target not found
Android Extension - Scanning For ADB Devices 278 ms
Native extension for WebGL target not found
Mono: successfully reloaded assembly
- Finished resetting the current domain, in  0.590 seconds
Domain Reload Profiling: 911ms
	BeginReloadAssembly (89ms)
		ExecutionOrderSort (0ms)
		DisableScriptedObjects (0ms)
		BackupInstance (0ms)
		ReleaseScriptingObjects (0ms)
		CreateAndSetChildDomain (1ms)
	RebuildCommonClasses (33ms)
	RebuildNativeTypeToScriptingClass (11ms)
	initialDomainReloadingComplete (52ms)
	LoadAllAssembliesAndSetupDomain (135ms)
		LoadAssemblies (88ms)
		RebuildTransferFunctionScriptingTraits (0ms)
		AnalyzeDomain (133ms)
			TypeCache.Refresh (132ms)
				TypeCache.ScanAssembly (120ms)
			ScanForSourceGeneratedMonoScriptInfo (0ms)
			ResolveRequiredComponents (0ms)
	FinalizeReload (590ms)
		ReleaseScriptCaches (0ms)
		RebuildScriptCaches (0ms)
		SetupLoadedEditorAssemblies (539ms)
			LogAssemblyErrors (0ms)
			InitializePlatformSupportModulesInManaged (384ms)
			SetLoadedEditorAssemblies (3ms)
			RefreshPlugins (0ms)
			BeforeProcessingInitializeOnLoad (2ms)
			ProcessInitializeOnLoadAttributes (101ms)
			ProcessInitializeOnLoadMethodAttributes (49ms)
			AfterProcessingInitializeOnLoad (0ms)
			EditorAssembliesLoaded (0ms)
		ExecutionOrderSort2 (0ms)
		AwakeInstancesAfterBackupRestoration (0ms)
========================================================================
Worker process is ready to serve import requests
Begin MonoManager ReloadAssembly
- Loaded All Assemblies, in  0.642 seconds
Refreshing native plugins compatible for Editor in 4.21 ms, found 4 plugins.
Native extension for WindowsStandalone target not found
Native extension for iOS target not found
Native extension for Android target not found
Native extension for WebGL target not found
Package Manager log level set to [2]
[Package Manager] Server::EnsureServerProcessIsRunning -- launch failed, reason: Unity was launched with the -noUpm command-line argument
[Package Manager] UpmClient::Send -- Unable to send message (not connected to UPM process).
[Package Manager] Cannot connect to Unity Package Manager local server
Mono: successfully reloaded assembly
[Package Manager] Server::EnsureServerProcessIsRunning -- launch failed, reason: Unity was launched with the -noUpm command-line argument
[Package Manager] UpmClient::Send -- Unable to send message (not connected to UPM process).
[Package Manager] Cannot connect to Unity Package Manager local server
[Package Manager] Server::EnsureServerProcessIsRunning -- launch failed, reason: Unity was launched with the -noUpm command-line argument
[Package Manager] UpmClient::Send -- Unable to send message (not connected to UPM process).
[Package Manager] Cannot connect to Unity Package Manager local server
- Finished resetting the current domain, in  0.941 seconds
Domain Reload Profiling: 1582ms
	BeginReloadAssembly (125ms)
		ExecutionOrderSort (0ms)
		DisableScriptedObjects (5ms)
		BackupInstance (0ms)
		ReleaseScriptingObjects (0ms)
		CreateAndSetChildDomain (20ms)
	RebuildCommonClasses (31ms)
	RebuildNativeTypeToScriptingClass (11ms)
	initialDomainReloadingComplete (34ms)
	LoadAllAssembliesAndSetupDomain (439ms)
		LoadAssemblies (289ms)
		RebuildTransferFunctionScriptingTraits (0ms)
		AnalyzeDomain (219ms)
			TypeCache.Refresh (191ms)
				TypeCache.ScanAssembly (176ms)
			ScanForSourceGeneratedMonoScriptInfo (19ms)
			ResolveRequiredComponents (7ms)
	FinalizeReload (941ms)
		ReleaseScriptCaches (0ms)
		RebuildScriptCaches (0ms)
		SetupLoadedEditorAssemblies (445ms)
			LogAssemblyErrors (0ms)
			InitializePlatformSupportModulesInManaged (33ms)
			SetLoadedEditorAssemblies (4ms)
			RefreshPlugins (0ms)
			BeforeProcessingInitializeOnLoad (58ms)
			ProcessInitializeOnLoadAttributes (326ms)
			ProcessInitializeOnLoadMethodAttributes (18ms)
			AfterProcessingInitializeOnLoad (4ms)
			EditorAssembliesLoaded (0ms)
		ExecutionOrderSort2 (0ms)
		AwakeInstancesAfterBackupRestoration (5ms)
Launched and connected shader compiler UnityShaderCompiler.exe after 0.06 seconds
Refreshing native plugins compatible for Editor in 3.79 ms, found 4 plugins.
Preloading 0 native plugins for Editor in 0.00 ms.
Unloading 4242 Unused Serialized files (Serialized files now loaded: 0)
Unloading 61 unused Assets / (130.9 KB). Loaded Objects now: 4695.
Memory consumption went from 157.3 MB to 157.2 MB.
Total: 3.389300 ms (FindLiveObjects: 0.325200 ms CreateObjectMapping: 0.118200 ms MarkObjects: 2.761300 ms  DeleteObjects: 0.183400 ms)

AssetImportParameters requested are different than current active one (requested -> active):
  custom:scripting/monoscript/fileName/FaceDetectionConfigWindow.cs: d5aafe28fffc33d27b3c4f68c4aa31b8 -> 
  custom:scripting/monoscript/fileName/ImageSegmentationConfigWindow.cs: 47573f16b53518aacd6c69532353f36b -> 
  custom:container-demuxer-ogg: 62fdf1f143b41e24485cea50d1cbac27 -> 
  custom:video-codec-MediaFoundation-h265: 746d11721c4dcdbdad8f713fa42b33f4 -> 
  custom:video-decoder-ogg-theora: a1e56fd34408186e4bbccfd4996cb3dc -> 
  custom:framework-win-MediaFoundation: 216162199b28c13a410421893ffa2e32 -> 
  custom:scripting/monoscript/fileName/PoseLandmarkDetectionConfig.cs: bb80dab64aa3dff2747dc0c292e6d157 -> 
  custom:scripting/monoscript/fileName/FaceLandmarkDetectionConfig.cs: 3d619cd675b474169f94863e6211e9f0 -> 
  custom:CustomObjectIndexerAttribute: 9a22284fe3817be447336de3de66b15e -> 
  custom:container-demuxer-webm: 4f35f7cbe854078d1ac9338744f61a02 -> 
  custom:scripting/monoscript/fileName/ObjectDetectorRunner.cs: feda46d2c0302f1c0c91f48aba8f0c5d -> 
  custom:scripting/monoscript/fileName/PoseLandmarkerRunner.cs: 6bd10f23f3827bffd718cd211b8c7517 -> 
  custom:scripting/monoscript/fileName/ObjectDetectionConfigWindows.cs: b2a7285297cf38947881ba62a92c405e -> 
  custom:container-muxer-webm: aa71ff27fc2769a1b78a27578f13a17b -> 
  custom:video-decoder-webm-vp8: 9c59270c3fd7afecdb556c50c9e8de78 -> 
  custom:SearchIndexIgnoredProperties: e643bd26f0fe6173181afceb89e7c659 -> 
  custom:AudioImporter_EditorPlatform: d09bf68614088b80899f8185d706f6e7 -> 
  custom:scripting/monoscript/fileName/PoseLandmarkDetectionConfigWindow.cs: 7eac627c0a9a27ad93e1a157e07cca28 -> 
  custom:scripting/monoscript/fileName/Screen1.cs: 2064582746b02f31d8c413c390f8452d -> 
  custom:scripting/monoscript/fileName/ImageSegmentationConfig.cs: 5e45c7734ce23a90a20cf6ecad0b0e27 -> 
  custom:video-encoder-webm-vp8: eb34c28f22e8b96e1ab97ce403110664 -> 
  custom:audio-decoder-ogg-vorbis: bf7c407c2cedff20999df2af8eb42d56 -> 
  custom:scripting/monoscript/fileName/ObjectDetectionConfig.cs: 012f1ffd0433e6716f4c9514945731ae -> 
  custom:scripting/monoscript/fileName/FaceDetectionConfig.cs: f9444aaa2aeee87064912dfbc82be6e8 -> 
  custom:scripting/monoscript/fileName/ImageSegmenterRunner.cs: b607d3cd0300262de3202cad1e17ce33 -> 
  custom:audio-encoder-webm-vorbis: bf7c407c2cedff20999df2af8eb42d56 -> 
  custom:scripting/monoscript/fileName/FaceLandmarkDetectionConfigWindow.cs: 2f11cba45fa85d22cdfe7305264634be -> 
  custom:scripting/monoscript/fileName/FaceLandmarkerRunner.cs: 32e04630a3c452efb2c23b70c21243ae -> 9e0f4f9742f2a43b8478009805c5452a
  custom:scripting/monoscript/fileName/FaceDetectorRunner.cs: c3f406dfb60efbded9dd411e627f6865 -> 
========================================================================
Received Import Request.
  Time since last request: 9158.207574 seconds.
  path: Assets/MediaPipeUnity/Samples/Scenes/Hand Landmark Detection/Materials/Keyboard/Arrow.png
  artifactKey: Guid(33dfc094af4714643bde7d8a23b4d073) Importer(815301076,1909f56bfc062723c751e8b465ee728b)
Start importing Assets/MediaPipeUnity/Samples/Scenes/Hand Landmark Detection/Materials/Keyboard/Arrow.png using Guid(33dfc094af4714643bde7d8a23b4d073) Importer(815301076,1909f56bfc062723c751e8b465ee728b) [PhysX] Initialized MultithreadedTaskDispatcher with 12 workers.
[PhysX] Initialized MultithreadedTaskDispatcher with 12 workers.
 -> (artifact id: '4ed93c84bd99c5c81d636c2d7a996ba4') in 0.082852 seconds
Number of updated asset objects reloaded before import = 0
Number of asset objects unloaded after import = 3
========================================================================
Received Import Request.
  Time since last request: 0.000020 seconds.
  path: Assets/MediaPipeUnity/Samples/Scenes/Hand Landmark Detection/Materials/Browser/Reload.png
  artifactKey: Guid(8a9380f33b262b94bb10592dcd8048b2) Importer(815301076,1909f56bfc062723c751e8b465ee728b)
Start importing Assets/MediaPipeUnity/Samples/Scenes/Hand Landmark Detection/Materials/Browser/Reload.png using Guid(8a9380f33b262b94bb10592dcd8048b2) Importer(815301076,1909f56bfc062723c751e8b465ee728b) [PhysX] Initialized MultithreadedTaskDispatcher with 12 workers.
[PhysX] Initialized MultithreadedTaskDispatcher with 12 workers.
 -> (artifact id: 'ac3aee98120dd3ca9e83074a2582dccf') in 0.022317 seconds
Number of updated asset objects reloaded before import = 0
Number of asset objects unloaded after import = 3
========================================================================
Received Import Request.
  Time since last request: 0.000024 seconds.
  path: Assets/MediaPipeUnity/Samples/Scenes/Hand Landmark Detection/Materials/Browser/G.png
  artifactKey: Guid(d0503f3756f2d6641bedbb67157365b6) Importer(815301076,1909f56bfc062723c751e8b465ee728b)
Start importing Assets/MediaPipeUnity/Samples/Scenes/Hand Landmark Detection/Materials/Browser/G.png using Guid(d0503f3756f2d6641bedbb67157365b6) Importer(815301076,1909f56bfc062723c751e8b465ee728b) [PhysX] Initialized MultithreadedTaskDispatcher with 12 workers.
[PhysX] Initialized MultithreadedTaskDispatcher with 12 workers.
 -> (artifact id: 'ab2f9d675162b56da3bb2b4e6f57a842') in 0.020058 seconds
Number of updated asset objects reloaded before import = 0
Number of asset objects unloaded after import = 3
========================================================================
Received Import Request.
  Time since last request: 0.000018 seconds.
  path: Assets/MediaPipeUnity/Samples/Scenes/Hand Landmark Detection/VR Environments/Camera.png
  artifactKey: Guid(817a393abe8781e40b610512a02b905a) Importer(815301076,1909f56bfc062723c751e8b465ee728b)
Start importing Assets/MediaPipeUnity/Samples/Scenes/Hand Landmark Detection/VR Environments/Camera.png using Guid(817a393abe8781e40b610512a02b905a) Importer(815301076,1909f56bfc062723c751e8b465ee728b) [PhysX] Initialized MultithreadedTaskDispatcher with 12 workers.
[PhysX] Initialized MultithreadedTaskDispatcher with 12 workers.
 -> (artifact id: '5a47eb0f535e675c2fdc47206a0308a9') in 0.022702 seconds
Number of updated asset objects reloaded before import = 0
Number of asset objects unloaded after import = 3
========================================================================
Received Import Request.
  Time since last request: 0.000023 seconds.
  path: Assets/MediaPipeUnity/Samples/Scenes/Hand Landmark Detection/Materials/MainPanel/WebIco.png
  artifactKey: Guid(fe275d62da7269a45bc9813d60114f20) Importer(815301076,1909f56bfc062723c751e8b465ee728b)
Start importing Assets/MediaPipeUnity/Samples/Scenes/Hand Landmark Detection/Materials/MainPanel/WebIco.png using Guid(fe275d62da7269a45bc9813d60114f20) Importer(815301076,1909f56bfc062723c751e8b465ee728b) [PhysX] Initialized MultithreadedTaskDispatcher with 12 workers.
[PhysX] Initialized MultithreadedTaskDispatcher with 12 workers.
 -> (artifact id: 'ad41df5f02a1e8e4df07ec46035aa3de') in 0.019521 seconds
Number of updated asset objects reloaded before import = 0
Number of asset objects unloaded after import = 3
========================================================================
Received Import Request.
  Time since last request: 0.000024 seconds.
  path: Assets/MediaPipeUnity/Samples/Scenes/Hand Landmark Detection/Materials/Keyboard/ChangeLang.png
  artifactKey: Guid(887033025edbc8d418cac94d152ce874) Importer(815301076,1909f56bfc062723c751e8b465ee728b)
Start importing Assets/MediaPipeUnity/Samples/Scenes/Hand Landmark Detection/Materials/Keyboard/ChangeLang.png using Guid(887033025edbc8d418cac94d152ce874) Importer(815301076,1909f56bfc062723c751e8b465ee728b) [PhysX] Initialized MultithreadedTaskDispatcher with 12 workers.
[PhysX] Initialized MultithreadedTaskDispatcher with 12 workers.
 -> (artifact id: '9edd276c5dbed41c519d27633f4fb16d') in 0.017727 seconds
Number of updated asset objects reloaded before import = 0
Number of asset objects unloaded after import = 3
========================================================================
Received Import Request.
  Time since last request: 0.000015 seconds.
  path: Assets/MediaPipeUnity/Samples/Scenes/Hand Landmark Detection/Materials/MainPanel/Section2Ico.png
  artifactKey: Guid(ff00306a5ae402a4cb5c496fab16897b) Importer(815301076,1909f56bfc062723c751e8b465ee728b)
Start importing Assets/MediaPipeUnity/Samples/Scenes/Hand Landmark Detection/Materials/MainPanel/Section2Ico.png using Guid(ff00306a5ae402a4cb5c496fab16897b) Importer(815301076,1909f56bfc062723c751e8b465ee728b) [PhysX] Initialized MultithreadedTaskDispatcher with 12 workers.
[PhysX] Initialized MultithreadedTaskDispatcher with 12 workers.
 -> (artifact id: 'bdcca9c41c84297deb1f872b511be569') in 0.018492 seconds
Number of updated asset objects reloaded before import = 0
Number of asset objects unloaded after import = 3
========================================================================
Received Import Request.
  Time since last request: 0.000022 seconds.
  path: Assets/MediaPipeUnity/Samples/Scenes/Hand Landmark Detection/Materials/AppsPanel/PikabuIcon.png
  artifactKey: Guid(2dbc33ab45b1f3141a3f8ed4bbe21414) Importer(815301076,1909f56bfc062723c751e8b465ee728b)
Start importing Assets/MediaPipeUnity/Samples/Scenes/Hand Landmark Detection/Materials/AppsPanel/PikabuIcon.png using Guid(2dbc33ab45b1f3141a3f8ed4bbe21414) Importer(815301076,1909f56bfc062723c751e8b465ee728b) [PhysX] Initialized MultithreadedTaskDispatcher with 12 workers.
[PhysX] Initialized MultithreadedTaskDispatcher with 12 workers.
 -> (artifact id: '314f6826da95130748ece5253edcdf2e') in 0.018785 seconds
Number of updated asset objects reloaded before import = 0
Number of asset objects unloaded after import = 3
========================================================================
Received Import Request.
  Time since last request: 0.000018 seconds.
  path: Assets/MediaPipeUnity/Samples/Scenes/Hand Landmark Detection/Materials/AppsPanel/Youtube_logo.png
  artifactKey: Guid(ce791d1ae3d52e64580ea22d04e0bd8e) Importer(815301076,1909f56bfc062723c751e8b465ee728b)
Start importing Assets/MediaPipeUnity/Samples/Scenes/Hand Landmark Detection/Materials/AppsPanel/Youtube_logo.png using Guid(ce791d1ae3d52e64580ea22d04e0bd8e) Importer(815301076,1909f56bfc062723c751e8b465ee728b) [PhysX] Initialized MultithreadedTaskDispatcher with 12 workers.
[PhysX] Initialized MultithreadedTaskDispatcher with 12 workers.
 -> (artifact id: '7bc06f2a91dd0158d06224c4d9769c2a') in 0.016463 seconds
Number of updated asset objects reloaded before import = 0
Number of asset objects unloaded after import = 3
========================================================================
Received Import Request.
  Time since last request: 10.702677 seconds.
  path: Assets/MediaPipeUnity/Samples/Scenes/Hand Landmark Detection/Materials/zernov..png
  artifactKey: Guid(3660e604aa3bf5d4783d1725e68eb923) Importer(815301076,1909f56bfc062723c751e8b465ee728b)
Start importing Assets/MediaPipeUnity/Samples/Scenes/Hand Landmark Detection/Materials/zernov..png using Guid(3660e604aa3bf5d4783d1725e68eb923) Importer(815301076,1909f56bfc062723c751e8b465ee728b) [PhysX] Initialized MultithreadedTaskDispatcher with 12 workers.
[PhysX] Initialized MultithreadedTaskDispatcher with 12 workers.
 -> (artifact id: '1b9cf543c171a7ea7841f88b71ba9b5e') in 0.019121 seconds
Number of updated asset objects reloaded before import = 0
Number of asset objects unloaded after import = 3
========================================================================
Received Import Request.
  Time since last request: 2.203882 seconds.
  path: Assets/MediaPipeUnity/Samples/Scenes/Hand Landmark Detection/VR Environments/1.jpg
  artifactKey: Guid(244fa34224b6ee54787054b2ec4c5e9d) Importer(815301076,1909f56bfc062723c751e8b465ee728b)
Start importing Assets/MediaPipeUnity/Samples/Scenes/Hand Landmark Detection/VR Environments/1.jpg using Guid(244fa34224b6ee54787054b2ec4c5e9d) Importer(815301076,1909f56bfc062723c751e8b465ee728b) [PhysX] Initialized MultithreadedTaskDispatcher with 12 workers.
[PhysX] Initialized MultithreadedTaskDispatcher with 12 workers.
 -> (artifact id: '51855c78b11f63633c47eba831925b99') in 0.023418 seconds
Number of updated asset objects reloaded before import = 0
Number of asset objects unloaded after import = 2
========================================================================
Received Import Request.
  Time since last request: 0.000034 seconds.
  path: Assets/MediaPipeUnity/Samples/Scenes/Hand Landmark Detection/VR Environments/5.jpg
  artifactKey: Guid(5e40fd85559416a4490bb5db58c22913) Importer(815301076,1909f56bfc062723c751e8b465ee728b)
Start importing Assets/MediaPipeUnity/Samples/Scenes/Hand Landmark Detection/VR Environments/5.jpg using Guid(5e40fd85559416a4490bb5db58c22913) Importer(815301076,1909f56bfc062723c751e8b465ee728b) [PhysX] Initialized MultithreadedTaskDispatcher with 12 workers.
[PhysX] Initialized MultithreadedTaskDispatcher with 12 workers.
 -> (artifact id: 'caa6e62840fd893109317c26f5672967') in 0.051023 seconds
Number of updated asset objects reloaded before import = 0
Number of asset objects unloaded after import = 2
========================================================================
Received Import Request.
  Time since last request: 0.000053 seconds.
  path: Assets/TextMesh Pro/Examples & Extras/Resources/Fonts & Materials/Bangers SDF.asset
  artifactKey: Guid(125cb55b44b24c4393181402bc6200e6) Importer(815301076,1909f56bfc062723c751e8b465ee728b)
Start importing Assets/TextMesh Pro/Examples & Extras/Resources/Fonts & Materials/Bangers SDF.asset using Guid(125cb55b44b24c4393181402bc6200e6) Importer(815301076,1909f56bfc062723c751e8b465ee728b) [PhysX] Initialized MultithreadedTaskDispatcher with 12 workers.
[PhysX] Initialized MultithreadedTaskDispatcher with 12 workers.
[PhysX] Initialized MultithreadedTaskDispatcher with 12 workers.
 -> (artifact id: '28d1062ab7a6543f90eddd3980755b6d') in 0.136215 seconds
Number of updated asset objects reloaded before import = 0
Number of asset objects unloaded after import = 6
========================================================================
Received Import Request.
  Time since last request: 0.000030 seconds.
  path: Assets/VRCinemaforMobile/Textures/FilmPreview.png
  artifactKey: Guid(e70b3118baf0c064393fff2bd112209f) Importer(815301076,1909f56bfc062723c751e8b465ee728b)
Start importing Assets/VRCinemaforMobile/Textures/FilmPreview.png using Guid(e70b3118baf0c064393fff2bd112209f) Importer(815301076,1909f56bfc062723c751e8b465ee728b) [PhysX] Initialized MultithreadedTaskDispatcher with 12 workers.
[PhysX] Initialized MultithreadedTaskDispatcher with 12 workers.
 -> (artifact id: '6f1e5a0e3bd297214800c36aab0974b9') in 0.052803 seconds
Number of updated asset objects reloaded before import = 0
Number of asset objects unloaded after import = 2
========================================================================
Received Import Request.
  Time since last request: 0.000032 seconds.
  path: Assets/TextMesh Pro/Examples & Extras/Fonts/Oswald-Bold.ttf
  artifactKey: Guid(c9f6d0e7bc8541498c9a4799ba184ede) Importer(815301076,1909f56bfc062723c751e8b465ee728b)
Start importing Assets/TextMesh Pro/Examples & Extras/Fonts/Oswald-Bold.ttf using Guid(c9f6d0e7bc8541498c9a4799ba184ede) Importer(815301076,1909f56bfc062723c751e8b465ee728b) [PhysX] Initialized MultithreadedTaskDispatcher with 12 workers.
[PhysX] Initialized MultithreadedTaskDispatcher with 12 workers.
[PhysX] Initialized MultithreadedTaskDispatcher with 12 workers.
 -> (artifact id: 'c35da5eb8f9cdca8d139f1be53933c9c') in 0.019148 seconds
Number of updated asset objects reloaded before import = 0
Number of asset objects unloaded after import = 4
========================================================================
Received Import Request.
  Time since last request: 0.000020 seconds.
  path: Assets/TextMesh Pro/Examples & Extras/Fonts/Roboto-Bold.ttf
  artifactKey: Guid(4beb055f07aaff244873dec698d0363e) Importer(815301076,1909f56bfc062723c751e8b465ee728b)
Start importing Assets/TextMesh Pro/Examples & Extras/Fonts/Roboto-Bold.ttf using Guid(4beb055f07aaff244873dec698d0363e) Importer(815301076,1909f56bfc062723c751e8b465ee728b) [PhysX] Initialized MultithreadedTaskDispatcher with 12 workers.
[PhysX] Initialized MultithreadedTaskDispatcher with 12 workers.
[PhysX] Initialized MultithreadedTaskDispatcher with 12 workers.
 -> (artifact id: 'b8952c1357b8007d4ca211798781df9b') in 0.008279 seconds
Number of updated asset objects reloaded before import = 0
Number of asset objects unloaded after import = 4
========================================================================
Received Import Request.
  Time since last request: 0.000017 seconds.
  path: Assets/VRCinemaforMobile/Textures/Nasa_CatPawNebula.png
  artifactKey: Guid(0cc853ef1673b4d42a8b923753c2d0af) Importer(815301076,1909f56bfc062723c751e8b465ee728b)
Start importing Assets/VRCinemaforMobile/Textures/Nasa_CatPawNebula.png using Guid(0cc853ef1673b4d42a8b923753c2d0af) Importer(815301076,1909f56bfc062723c751e8b465ee728b) [PhysX] Initialized MultithreadedTaskDispatcher with 12 workers.
[PhysX] Initialized MultithreadedTaskDispatcher with 12 workers.
 -> (artifact id: '86ea5dfdffedcd2aef052352b8f4e3ec') in 0.018458 seconds
Number of updated asset objects reloaded before import = 0
Number of asset objects unloaded after import = 2
========================================================================
Received Import Request.
  Time since last request: 0.000023 seconds.
  path: Assets/Samples/Google Cardboard XR Plugin for Unity/1.28.0/Hello Cardboard/Textures/QuadSphere_Pink_BakedDiffuse.png
  artifactKey: Guid(c50d4290154a549c28cd80199471f9ea) Importer(815301076,1909f56bfc062723c751e8b465ee728b)
Start importing Assets/Samples/Google Cardboard XR Plugin for Unity/1.28.0/Hello Cardboard/Textures/QuadSphere_Pink_BakedDiffuse.png using Guid(c50d4290154a549c28cd80199471f9ea) Importer(815301076,1909f56bfc062723c751e8b465ee728b) [PhysX] Initialized MultithreadedTaskDispatcher with 12 workers.
[PhysX] Initialized MultithreadedTaskDispatcher with 12 workers.
 -> (artifact id: '7a6f6d3f6f8ac410e14e1a7f284a1a2c') in 0.016857 seconds
Number of updated asset objects reloaded before import = 0
Number of asset objects unloaded after import = 2
========================================================================
Received Import Request.
  Time since last request: 0.000043 seconds.
  path: Assets/TextMesh Pro/Examples & Extras/Textures/Small Crate_diffuse.jpg
  artifactKey: Guid(602cb87b6a29443b8636370ea0751574) Importer(815301076,1909f56bfc062723c751e8b465ee728b)
Start importing Assets/TextMesh Pro/Examples & Extras/Textures/Small Crate_diffuse.jpg using Guid(602cb87b6a29443b8636370ea0751574) Importer(815301076,1909f56bfc062723c751e8b465ee728b) [PhysX] Initialized MultithreadedTaskDispatcher with 12 workers.
[PhysX] Initialized MultithreadedTaskDispatcher with 12 workers.
 -> (artifact id: 'be814385adfd21aefa82be75965783c1') in 0.021446 seconds
Number of updated asset objects reloaded before import = 0
Number of asset objects unloaded after import = 2
========================================================================
Received Import Request.
  Time since last request: 0.000020 seconds.
  path: Assets/TextMesh Pro/Examples & Extras/Textures/Small Crate_normal.jpg
  artifactKey: Guid(8878a782f4334ecbbcf683b3ac780966) Importer(815301076,1909f56bfc062723c751e8b465ee728b)
Start importing Assets/TextMesh Pro/Examples & Extras/Textures/Small Crate_normal.jpg using Guid(8878a782f4334ecbbcf683b3ac780966) Importer(815301076,1909f56bfc062723c751e8b465ee728b) [PhysX] Initialized MultithreadedTaskDispatcher with 12 workers.
[PhysX] Initialized MultithreadedTaskDispatcher with 12 workers.
 -> (artifact id: '143f6f15a84e7750d1c2617957c88e6d') in 0.056905 seconds
Number of updated asset objects reloaded before import = 0
Number of asset objects unloaded after import = 2
========================================================================
Received Import Request.
  Time since last request: 0.000028 seconds.
  path: Assets/VRCinemaforMobile/Textures/theater_Chair.png
  artifactKey: Guid(0668e195724316142bfc82ea35ced552) Importer(815301076,1909f56bfc062723c751e8b465ee728b)
Start importing Assets/VRCinemaforMobile/Textures/theater_Chair.png using Guid(0668e195724316142bfc82ea35ced552) Importer(815301076,1909f56bfc062723c751e8b465ee728b) [PhysX] Initialized MultithreadedTaskDispatcher with 12 workers.
[PhysX] Initialized MultithreadedTaskDispatcher with 12 workers.
 -> (artifact id: '7a2ee70ed1dd0d808414f60e877dad4b') in 0.096306 seconds
Number of updated asset objects reloaded before import = 0
Number of asset objects unloaded after import = 2
========================================================================
Received Import Request.
  Time since last request: 0.000034 seconds.
  path: Assets/Samples/Google Cardboard XR Plugin for Unity/1.28.0/Hello Cardboard/Textures/TriSphere_Blue_BakedDiffuse.png
  artifactKey: Guid(ce4a1a00714294255b95526bab0d31b7) Importer(815301076,1909f56bfc062723c751e8b465ee728b)
Start importing Assets/Samples/Google Cardboard XR Plugin for Unity/1.28.0/Hello Cardboard/Textures/TriSphere_Blue_BakedDiffuse.png using Guid(ce4a1a00714294255b95526bab0d31b7) Importer(815301076,1909f56bfc062723c751e8b465ee728b) [PhysX] Initialized MultithreadedTaskDispatcher with 12 workers.
[PhysX] Initialized MultithreadedTaskDispatcher with 12 workers.
 -> (artifact id: '2d75e6e9ce217b8b20785ffb0a462cfb') in 0.021147 seconds
Number of updated asset objects reloaded before import = 0
Number of asset objects unloaded after import = 2
========================================================================
Received Import Request.
  Time since last request: 0.000034 seconds.
  path: Assets/VRCinemaforMobile/Textures/Mask00.png
  artifactKey: Guid(2ab93ef2106f1f74699232d5186f3042) Importer(815301076,1909f56bfc062723c751e8b465ee728b)
Start importing Assets/VRCinemaforMobile/Textures/Mask00.png using Guid(2ab93ef2106f1f74699232d5186f3042) Importer(815301076,1909f56bfc062723c751e8b465ee728b) [PhysX] Initialized MultithreadedTaskDispatcher with 12 workers.
[PhysX] Initialized MultithreadedTaskDispatcher with 12 workers.
 -> (artifact id: '5b47943dc7b3391da95337a734197da2') in 0.034075 seconds
Number of updated asset objects reloaded before import = 0
Number of asset objects unloaded after import = 2
========================================================================
Received Import Request.
  Time since last request: 0.000027 seconds.
  path: Assets/MediaPipeUnity/Samples/Scenes/Hand Landmark Detection/VR Environments/Russia/Saint-Petersburg2.jpg
  artifactKey: Guid(140ebec381e41bc42898baf02d519c8b) Importer(815301076,1909f56bfc062723c751e8b465ee728b)
Start importing Assets/MediaPipeUnity/Samples/Scenes/Hand Landmark Detection/VR Environments/Russia/Saint-Petersburg2.jpg using Guid(140ebec381e41bc42898baf02d519c8b) Importer(815301076,1909f56bfc062723c751e8b465ee728b) [PhysX] Initialized MultithreadedTaskDispatcher with 12 workers.
[PhysX] Initialized MultithreadedTaskDispatcher with 12 workers.
 -> (artifact id: '546a4ba81c608ac00dbfdc45fc0cb5b4') in 0.099020 seconds
Number of updated asset objects reloaded before import = 0
Number of asset objects unloaded after import = 2
========================================================================
Received Import Request.
  Time since last request: 0.000022 seconds.
  path: Assets/MediaPipeUnity/Samples/Scenes/Hand Landmark Detection/VR Environments/6.jpg
  artifactKey: Guid(def61b3ea84bcc24d9e32acd91bded82) Importer(815301076,1909f56bfc062723c751e8b465ee728b)
Start importing Assets/MediaPipeUnity/Samples/Scenes/Hand Landmark Detection/VR Environments/6.jpg using Guid(def61b3ea84bcc24d9e32acd91bded82) Importer(815301076,1909f56bfc062723c751e8b465ee728b) [PhysX] Initialized MultithreadedTaskDispatcher with 12 workers.
[PhysX] Initialized MultithreadedTaskDispatcher with 12 workers.
 -> (artifact id: '869cc6b2d1eb2edfc8dc5ce123618ca3') in 0.017426 seconds
Number of updated asset objects reloaded before import = 0
Number of asset objects unloaded after import = 2
========================================================================
Received Import Request.
  Time since last request: 0.000016 seconds.
  path: Assets/MediaPipeUnity/Samples/Scenes/Hand Landmark Detection/VR Environments/Russia/Volgograd.jpg
  artifactKey: Guid(26fbaf2f07edcbb4bad9082563589589) Importer(815301076,1909f56bfc062723c751e8b465ee728b)
Start importing Assets/MediaPipeUnity/Samples/Scenes/Hand Landmark Detection/VR Environments/Russia/Volgograd.jpg using Guid(26fbaf2f07edcbb4bad9082563589589) Importer(815301076,1909f56bfc062723c751e8b465ee728b) [PhysX] Initialized MultithreadedTaskDispatcher with 12 workers.
[PhysX] Initialized MultithreadedTaskDispatcher with 12 workers.
 -> (artifact id: 'ce92875662e8d6f189a4e1e64fc5a294') in 0.448941 seconds
Number of updated asset objects reloaded before import = 0
Number of asset objects unloaded after import = 2
========================================================================
Received Import Request.
  Time since last request: 0.000020 seconds.
  path: Assets/TextMesh Pro/Examples & Extras/Fonts/Electronic Highway Sign.TTF
  artifactKey: Guid(8a2b9e2a607dd2143b58c44bc32410b4) Importer(815301076,1909f56bfc062723c751e8b465ee728b)
Start importing Assets/TextMesh Pro/Examples & Extras/Fonts/Electronic Highway Sign.TTF using Guid(8a2b9e2a607dd2143b58c44bc32410b4) Importer(815301076,1909f56bfc062723c751e8b465ee728b) [PhysX] Initialized MultithreadedTaskDispatcher with 12 workers.
[PhysX] Initialized MultithreadedTaskDispatcher with 12 workers.
[PhysX] Initialized MultithreadedTaskDispatcher with 12 workers.
 -> (artifact id: 'e4dc466dda976feafe995aef50a1850d') in 0.009820 seconds
Number of updated asset objects reloaded before import = 0
Number of asset objects unloaded after import = 4
========================================================================
Received Import Request.
  Time since last request: 0.000029 seconds.
  path: Assets/MediaPipeUnity/Samples/Scenes/Hand Landmark Detection/Materials/VR/images.jpg
  artifactKey: Guid(993d75cdbfc79f74f928630d8e20fb3e) Importer(815301076,1909f56bfc062723c751e8b465ee728b)
Start importing Assets/MediaPipeUnity/Samples/Scenes/Hand Landmark Detection/Materials/VR/images.jpg using Guid(993d75cdbfc79f74f928630d8e20fb3e) Importer(815301076,1909f56bfc062723c751e8b465ee728b) [PhysX] Initialized MultithreadedTaskDispatcher with 12 workers.
[PhysX] Initialized MultithreadedTaskDispatcher with 12 workers.
 -> (artifact id: '9f8f3f4d88827031ea78c247edc5cf1c') in 0.018866 seconds
Number of updated asset objects reloaded before import = 0
Number of asset objects unloaded after import = 2
========================================================================
Received Import Request.
  Time since last request: 0.000021 seconds.
  path: Assets/VRCinemaforMobile/Textures/Sys_Gradient8x256LR.png
  artifactKey: Guid(4e04e8a5e6d7e65439eccff42811293b) Importer(815301076,1909f56bfc062723c751e8b465ee728b)
Start importing Assets/VRCinemaforMobile/Textures/Sys_Gradient8x256LR.png using Guid(4e04e8a5e6d7e65439eccff42811293b) Importer(815301076,1909f56bfc062723c751e8b465ee728b) [PhysX] Initialized MultithreadedTaskDispatcher with 12 workers.
[PhysX] Initialized MultithreadedTaskDispatcher with 12 workers.
 -> (artifact id: '3c9f1b0a46c6dcd8b27062534034193b') in 0.011669 seconds
Number of updated asset objects reloaded before import = 0
Number of asset objects unloaded after import = 2
========================================================================
Received Import Request.
  Time since last request: 0.000037 seconds.
  path: Assets/TextMesh Pro/Examples & Extras/Textures/Fruit Jelly (B&W).jpg
  artifactKey: Guid(1cdc5b506b1a4a33a53c30669ced1f51) Importer(815301076,1909f56bfc062723c751e8b465ee728b)
Start importing Assets/TextMesh Pro/Examples & Extras/Textures/Fruit Jelly (B&W).jpg using Guid(1cdc5b506b1a4a33a53c30669ced1f51) Importer(815301076,1909f56bfc062723c751e8b465ee728b) [PhysX] Initialized MultithreadedTaskDispatcher with 12 workers.
[PhysX] Initialized MultithreadedTaskDispatcher with 12 workers.
 -> (artifact id: '971e7b21aba7a134a664cc39e0222f2a') in 0.014902 seconds
Number of updated asset objects reloaded before import = 0
Number of asset objects unloaded after import = 2
========================================================================
Received Import Request.
  Time since last request: 0.000016 seconds.
  path: Assets/MediaPipeUnity/Samples/Scenes/Hand Landmark Detection/VR Environments/Russia/Ekaterinburg.jpg
  artifactKey: Guid(06849a75638216a42860342a4652a57f) Importer(815301076,1909f56bfc062723c751e8b465ee728b)
Start importing Assets/MediaPipeUnity/Samples/Scenes/Hand Landmark Detection/VR Environments/Russia/Ekaterinburg.jpg using Guid(06849a75638216a42860342a4652a57f) Importer(815301076,1909f56bfc062723c751e8b465ee728b) [PhysX] Initialized MultithreadedTaskDispatcher with 12 workers.
[PhysX] Initialized MultithreadedTaskDispatcher with 12 workers.
 -> (artifact id: '9b4e5f5cffbc480af94dd857469dd988') in 0.094821 seconds
Number of updated asset objects reloaded before import = 0
Number of asset objects unloaded after import = 2
========================================================================
Received Import Request.
  Time since last request: 0.000021 seconds.
  path: Assets/Vuplex/WebView/Editor/Textures/Resources/MockWebViewTexture.png
  artifactKey: Guid(9f7b60728c99d4fe6b67e0d86b1e7b5e) Importer(815301076,1909f56bfc062723c751e8b465ee728b)
Start importing Assets/Vuplex/WebView/Editor/Textures/Resources/MockWebViewTexture.png using Guid(9f7b60728c99d4fe6b67e0d86b1e7b5e) Importer(815301076,1909f56bfc062723c751e8b465ee728b) [PhysX] Initialized MultithreadedTaskDispatcher with 12 workers.
[PhysX] Initialized MultithreadedTaskDispatcher with 12 workers.
 -> (artifact id: '400980cd82a1c770b1350c22b0e2ff30') in 0.139433 seconds
Number of updated asset objects reloaded before import = 0
Number of asset objects unloaded after import = 2
========================================================================
Received Import Request.
  Time since last request: 0.300256 seconds.
  path: Assets/TextMesh Pro/Examples & Extras/Textures/Wipe Pattern - Circle.psd
  artifactKey: Guid(10c49fcd9c64421db7c0133e61e55f97) Importer(815301076,1909f56bfc062723c751e8b465ee728b)
Start importing Assets/TextMesh Pro/Examples & Extras/Textures/Wipe Pattern - Circle.psd using Guid(10c49fcd9c64421db7c0133e61e55f97) Importer(815301076,1909f56bfc062723c751e8b465ee728b) [PhysX] Initialized MultithreadedTaskDispatcher with 12 workers.
[PhysX] Initialized MultithreadedTaskDispatcher with 12 workers.
 -> (artifact id: '235b8a427e99c18fef47dd3599cbdc9b') in 0.010591 seconds
Number of updated asset objects reloaded before import = 0
Number of asset objects unloaded after import = 2
========================================================================
Received Import Request.
  Time since last request: 0.008591 seconds.
  path: Assets/TextMesh Pro/Examples & Extras/Textures/Wipe Pattern - Diagonal.psd
  artifactKey: Guid(ed5290d8df18488780e2996b9b882f01) Importer(815301076,1909f56bfc062723c751e8b465ee728b)
Start importing Assets/TextMesh Pro/Examples & Extras/Textures/Wipe Pattern - Diagonal.psd using Guid(ed5290d8df18488780e2996b9b882f01) Importer(815301076,1909f56bfc062723c751e8b465ee728b) [PhysX] Initialized MultithreadedTaskDispatcher with 12 workers.
[PhysX] Initialized MultithreadedTaskDispatcher with 12 workers.
 -> (artifact id: '48291c84debcc5aa22b34b3d33c5ab1b') in 0.010864 seconds
Number of updated asset objects reloaded before import = 0
Number of asset objects unloaded after import = 2
========================================================================
Received Import Request.
  Time since last request: 0.002448 seconds.
  path: Assets/TextMesh Pro/Examples & Extras/Textures/Wipe Pattern - Radial Double.psd
  artifactKey: Guid(7631f4eff8f74ed38eb3eb9db17134e1) Importer(815301076,1909f56bfc062723c751e8b465ee728b)
Start importing Assets/TextMesh Pro/Examples & Extras/Textures/Wipe Pattern - Radial Double.psd using Guid(7631f4eff8f74ed38eb3eb9db17134e1) Importer(815301076,1909f56bfc062723c751e8b465ee728b) [PhysX] Initialized MultithreadedTaskDispatcher with 12 workers.
[PhysX] Initialized MultithreadedTaskDispatcher with 12 workers.
 -> (artifact id: '0f94ef11679f035d82b04d8c657e3c81') in 0.012505 seconds
Number of updated asset objects reloaded before import = 0
Number of asset objects unloaded after import = 2
========================================================================
Received Import Request.
  Time since last request: 24.158953 seconds.
  path: Assets/MediaPipeUnity/Samples/Scenes/Hand Landmark Detection/Materials/zernov..png
  artifactKey: Guid(3660e604aa3bf5d4783d1725e68eb923) Importer(815301076,1909f56bfc062723c751e8b465ee728b)
Start importing Assets/MediaPipeUnity/Samples/Scenes/Hand Landmark Detection/Materials/zernov..png using Guid(3660e604aa3bf5d4783d1725e68eb923) Importer(815301076,1909f56bfc062723c751e8b465ee728b) [PhysX] Initialized MultithreadedTaskDispatcher with 12 workers.
[PhysX] Initialized MultithreadedTaskDispatcher with 12 workers.
 -> (artifact id: 'e9994ebc4319a9f5d99402622124e80b') in 0.007933 seconds
Number of updated asset objects reloaded before import = 0
Number of asset objects unloaded after import = 2
========================================================================
Received Prepare
Refreshing native plugins compatible for Editor in 6.88 ms, found 4 plugins.
Preloading 0 native plugins for Editor in 0.00 ms.
Unloading 2 Unused Serialized files (Serialized files now loaded: 0)
Unloading 3 unused Assets / (76.4 KB). Loaded Objects now: 4760.
Memory consumption went from 85.6 MB to 85.6 MB.
Total: 5.525200 ms (FindLiveObjects: 0.627500 ms CreateObjectMapping: 0.213800 ms MarkObjects: 4.537000 ms  DeleteObjects: 0.145400 ms)

Prepare: number of updated asset objects reloaded= 0
AssetImportParameters requested are different than current active one (requested -> active):
  custom:scripting/monoscript/fileName/FaceDetectionConfigWindow.cs: d5aafe28fffc33d27b3c4f68c4aa31b8 -> 
  custom:scripting/monoscript/fileName/ImageSegmentationConfigWindow.cs: 47573f16b53518aacd6c69532353f36b -> 
  custom:container-demuxer-ogg: 62fdf1f143b41e24485cea50d1cbac27 -> 
  custom:video-codec-MediaFoundation-h265: 746d11721c4dcdbdad8f713fa42b33f4 -> 
  custom:video-decoder-ogg-theora: a1e56fd34408186e4bbccfd4996cb3dc -> 
  custom:framework-win-MediaFoundation: 216162199b28c13a410421893ffa2e32 -> 
  custom:scripting/monoscript/fileName/PoseLandmarkDetectionConfig.cs: bb80dab64aa3dff2747dc0c292e6d157 -> 
  custom:scripting/monoscript/fileName/FaceLandmarkDetectionConfig.cs: 3d619cd675b474169f94863e6211e9f0 -> 
  custom:CustomObjectIndexerAttribute: 9a22284fe3817be447336de3de66b15e -> 
  custom:container-demuxer-webm: 4f35f7cbe854078d1ac9338744f61a02 -> 
  custom:scripting/monoscript/fileName/ObjectDetectorRunner.cs: feda46d2c0302f1c0c91f48aba8f0c5d -> 
  custom:scripting/monoscript/fileName/PoseLandmarkerRunner.cs: 6bd10f23f3827bffd718cd211b8c7517 -> 
  custom:scripting/monoscript/fileName/ObjectDetectionConfigWindows.cs: b2a7285297cf38947881ba62a92c405e -> 
  custom:container-muxer-webm: aa71ff27fc2769a1b78a27578f13a17b -> 
  custom:video-decoder-webm-vp8: 9c59270c3fd7afecdb556c50c9e8de78 -> 
  custom:SearchIndexIgnoredProperties: e643bd26f0fe6173181afceb89e7c659 -> 
  custom:AudioImporter_EditorPlatform: d09bf68614088b80899f8185d706f6e7 -> 
  custom:scripting/monoscript/fileName/PoseLandmarkDetectionConfigWindow.cs: 7eac627c0a9a27ad93e1a157e07cca28 -> 
  custom:scripting/monoscript/fileName/Screen1.cs: 2064582746b02f31d8c413c390f8452d -> 
  custom:scripting/monoscript/fileName/ImageSegmentationConfig.cs: 5e45c7734ce23a90a20cf6ecad0b0e27 -> 
  custom:video-encoder-webm-vp8: eb34c28f22e8b96e1ab97ce403110664 -> 
  custom:audio-decoder-ogg-vorbis: bf7c407c2cedff20999df2af8eb42d56 -> 
  custom:scripting/monoscript/fileName/ObjectDetectionConfig.cs: 012f1ffd0433e6716f4c9514945731ae -> 
  custom:scripting/monoscript/fileName/FaceDetectionConfig.cs: f9444aaa2aeee87064912dfbc82be6e8 -> 
  custom:scripting/monoscript/fileName/ImageSegmenterRunner.cs: b607d3cd0300262de3202cad1e17ce33 -> 
  custom:audio-encoder-webm-vorbis: bf7c407c2cedff20999df2af8eb42d56 -> 
  custom:scripting/monoscript/fileName/FaceLandmarkDetectionConfigWindow.cs: 2f11cba45fa85d22cdfe7305264634be -> 
  custom:scripting/monoscript/fileName/FaceLandmarkerRunner.cs: 32e04630a3c452efb2c23b70c21243ae -> 9e0f4f9742f2a43b8478009805c5452a
  custom:scripting/monoscript/fileName/FaceDetectorRunner.cs: c3f406dfb60efbded9dd411e627f6865 -> 
========================================================================
Received Prepare
Refreshing native plugins compatible for Editor in 5.58 ms, found 4 plugins.
Preloading 0 native plugins for Editor in 0.00 ms.
Unloading 3 Unused Serialized files (Serialized files now loaded: 0)
Unloading 3 unused Assets / (70.5 KB). Loaded Objects now: 4760.
Memory consumption went from 85.9 MB to 85.8 MB.
Total: 5.206700 ms (FindLiveObjects: 0.457300 ms CreateObjectMapping: 0.164700 ms MarkObjects: 4.452700 ms  DeleteObjects: 0.130600 ms)

Prepare: number of updated asset objects reloaded= 0
AssetImportParameters requested are different than current active one (requested -> active):
  custom:scripting/monoscript/fileName/FaceDetectionConfigWindow.cs: d5aafe28fffc33d27b3c4f68c4aa31b8 -> 
  custom:scripting/monoscript/fileName/ImageSegmentationConfigWindow.cs: 47573f16b53518aacd6c69532353f36b -> 
  custom:container-demuxer-ogg: 62fdf1f143b41e24485cea50d1cbac27 -> 
  custom:video-codec-MediaFoundation-h265: 746d11721c4dcdbdad8f713fa42b33f4 -> 
  custom:video-decoder-ogg-theora: a1e56fd34408186e4bbccfd4996cb3dc -> 
  custom:framework-win-MediaFoundation: 216162199b28c13a410421893ffa2e32 -> 
  custom:scripting/monoscript/fileName/PoseLandmarkDetectionConfig.cs: bb80dab64aa3dff2747dc0c292e6d157 -> 
  custom:scripting/monoscript/fileName/FaceLandmarkDetectionConfig.cs: 3d619cd675b474169f94863e6211e9f0 -> 
  custom:CustomObjectIndexerAttribute: 9a22284fe3817be447336de3de66b15e -> 
  custom:container-demuxer-webm: 4f35f7cbe854078d1ac9338744f61a02 -> 
  custom:scripting/monoscript/fileName/ObjectDetectorRunner.cs: feda46d2c0302f1c0c91f48aba8f0c5d -> 
  custom:scripting/monoscript/fileName/PoseLandmarkerRunner.cs: 6bd10f23f3827bffd718cd211b8c7517 -> 
  custom:scripting/monoscript/fileName/ObjectDetectionConfigWindows.cs: b2a7285297cf38947881ba62a92c405e -> 
  custom:container-muxer-webm: aa71ff27fc2769a1b78a27578f13a17b -> 
  custom:video-decoder-webm-vp8: 9c59270c3fd7afecdb556c50c9e8de78 -> 
  custom:SearchIndexIgnoredProperties: e643bd26f0fe6173181afceb89e7c659 -> 
  custom:AudioImporter_EditorPlatform: d09bf68614088b80899f8185d706f6e7 -> 
  custom:scripting/monoscript/fileName/PoseLandmarkDetectionConfigWindow.cs: 7eac627c0a9a27ad93e1a157e07cca28 -> 
  custom:scripting/monoscript/fileName/Screen1.cs: 2064582746b02f31d8c413c390f8452d -> 
  custom:scripting/monoscript/fileName/ImageSegmentationConfig.cs: 5e45c7734ce23a90a20cf6ecad0b0e27 -> 
  custom:video-encoder-webm-vp8: eb34c28f22e8b96e1ab97ce403110664 -> 
  custom:audio-decoder-ogg-vorbis: bf7c407c2cedff20999df2af8eb42d56 -> 
  custom:scripting/monoscript/fileName/ObjectDetectionConfig.cs: 012f1ffd0433e6716f4c9514945731ae -> 
  custom:scripting/monoscript/fileName/FaceDetectionConfig.cs: f9444aaa2aeee87064912dfbc82be6e8 -> 
  custom:scripting/monoscript/fileName/ImageSegmenterRunner.cs: b607d3cd0300262de3202cad1e17ce33 -> 
  custom:audio-encoder-webm-vorbis: bf7c407c2cedff20999df2af8eb42d56 -> 
  custom:scripting/monoscript/fileName/FaceLandmarkDetectionConfigWindow.cs: 2f11cba45fa85d22cdfe7305264634be -> 
  custom:scripting/monoscript/fileName/FaceLandmarkerRunner.cs: 32e04630a3c452efb2c23b70c21243ae -> 9e0f4f9742f2a43b8478009805c5452a
  custom:scripting/monoscript/fileName/FaceDetectorRunner.cs: c3f406dfb60efbded9dd411e627f6865 -> 
========================================================================
Received Prepare
Refreshing native plugins compatible for Editor in 6.09 ms, found 4 plugins.
Preloading 0 native plugins for Editor in 0.00 ms.
Unloading 3 Unused Serialized files (Serialized files now loaded: 0)
Unloading 3 unused Assets / (70.6 KB). Loaded Objects now: 4760.
Memory consumption went from 85.9 MB to 85.8 MB.
Total: 4.807300 ms (FindLiveObjects: 0.580900 ms CreateObjectMapping: 0.141200 ms MarkObjects: 3.949800 ms  DeleteObjects: 0.134200 ms)

Prepare: number of updated asset objects reloaded= 0
AssetImportParameters requested are different than current active one (requested -> active):
  custom:scripting/monoscript/fileName/FaceDetectionConfigWindow.cs: d5aafe28fffc33d27b3c4f68c4aa31b8 -> 
  custom:scripting/monoscript/fileName/ImageSegmentationConfigWindow.cs: 47573f16b53518aacd6c69532353f36b -> 
  custom:container-demuxer-ogg: 62fdf1f143b41e24485cea50d1cbac27 -> 
  custom:video-codec-MediaFoundation-h265: 746d11721c4dcdbdad8f713fa42b33f4 -> 
  custom:video-decoder-ogg-theora: a1e56fd34408186e4bbccfd4996cb3dc -> 
  custom:framework-win-MediaFoundation: 216162199b28c13a410421893ffa2e32 -> 
  custom:scripting/monoscript/fileName/PoseLandmarkDetectionConfig.cs: bb80dab64aa3dff2747dc0c292e6d157 -> 
  custom:scripting/monoscript/fileName/FaceLandmarkDetectionConfig.cs: 3d619cd675b474169f94863e6211e9f0 -> 
  custom:CustomObjectIndexerAttribute: 9a22284fe3817be447336de3de66b15e -> 
  custom:container-demuxer-webm: 4f35f7cbe854078d1ac9338744f61a02 -> 
  custom:scripting/monoscript/fileName/ObjectDetectorRunner.cs: feda46d2c0302f1c0c91f48aba8f0c5d -> 
  custom:scripting/monoscript/fileName/PoseLandmarkerRunner.cs: 6bd10f23f3827bffd718cd211b8c7517 -> 
  custom:scripting/monoscript/fileName/ObjectDetectionConfigWindows.cs: b2a7285297cf38947881ba62a92c405e -> 
  custom:container-muxer-webm: aa71ff27fc2769a1b78a27578f13a17b -> 
  custom:video-decoder-webm-vp8: 9c59270c3fd7afecdb556c50c9e8de78 -> 
  custom:SearchIndexIgnoredProperties: e643bd26f0fe6173181afceb89e7c659 -> 
  custom:AudioImporter_EditorPlatform: d09bf68614088b80899f8185d706f6e7 -> 
  custom:scripting/monoscript/fileName/PoseLandmarkDetectionConfigWindow.cs: 7eac627c0a9a27ad93e1a157e07cca28 -> 
  custom:scripting/monoscript/fileName/Screen1.cs: 2064582746b02f31d8c413c390f8452d -> 
  custom:scripting/monoscript/fileName/ImageSegmentationConfig.cs: 5e45c7734ce23a90a20cf6ecad0b0e27 -> 
  custom:video-encoder-webm-vp8: eb34c28f22e8b96e1ab97ce403110664 -> 
  custom:audio-decoder-ogg-vorbis: bf7c407c2cedff20999df2af8eb42d56 -> 
  custom:scripting/monoscript/fileName/ObjectDetectionConfig.cs: 012f1ffd0433e6716f4c9514945731ae -> 
  custom:scripting/monoscript/fileName/FaceDetectionConfig.cs: f9444aaa2aeee87064912dfbc82be6e8 -> 
  custom:scripting/monoscript/fileName/ImageSegmenterRunner.cs: b607d3cd0300262de3202cad1e17ce33 -> 
  custom:audio-encoder-webm-vorbis: bf7c407c2cedff20999df2af8eb42d56 -> 
  custom:scripting/monoscript/fileName/FaceLandmarkDetectionConfigWindow.cs: 2f11cba45fa85d22cdfe7305264634be -> 
  custom:scripting/monoscript/fileName/FaceLandmarkerRunner.cs: 32e04630a3c452efb2c23b70c21243ae -> 9e0f4f9742f2a43b8478009805c5452a
  custom:scripting/monoscript/fileName/FaceDetectorRunner.cs: c3f406dfb60efbded9dd411e627f6865 -> 
